<?xml version="1.0" encoding="UTF-8" ?>
<testsuite errors="0" failures="0" hostname="marcos-DESKTOP" name="tests.Example2" skipped="0" tests="2" time="0.054" timestamp="2021-11-22T22:26:29">
  <properties>
[...]
</properties>
  <testcase classname="tests.Example2" name="test[0: state{q01111}; =&gt; 6]" time="0.002" />
  <testcase classname="tests.Example2" name="test[1: state{q0100}; =&gt; 0]" time="0.0" />
  <system-out><![CDATA[]]></system-out>
  <system-err><![CDATA[]]></system-err>
</testsuite>
